<?xml version="1.0" encoding="UTF-8"?>
<testng-results ignored="0" total="2" passed="2" failed="0" skipped="0">
  <reporter-output>
  </reporter-output>
  <suite started-at="2023-06-13T12:20:41 BDT" name="Default suite" finished-at="2023-06-13T12:20:41 BDT" duration-ms="72">
    <groups>
    </groups>
    <test started-at="2023-06-13T12:20:41 BDT" name="Default test" finished-at="2023-06-13T12:20:41 BDT" duration-ms="72">
      <class name="Nahid.Automation.TestNgExample">
        <test-method is-config="true" signature="beforeSuiteTest()[pri:0, instance:Nahid.Automation.TestNgExample@79e4c792]" started-at="2023-06-13T12:20:41 BDT" name="beforeSuiteTest" finished-at="2023-06-13T12:20:41 BDT" duration-ms="11" status="PASS">
          <reporter-output>
          </reporter-output>
        </test-method> <!-- beforeSuiteTest -->
        <test-method is-config="true" signature="beforeTest()[pri:0, instance:Nahid.Automation.TestNgExample@79e4c792]" started-at="2023-06-13T12:20:41 BDT" name="beforeTest" finished-at="2023-06-13T12:20:41 BDT" duration-ms="1" status="PASS">
          <reporter-output>
          </reporter-output>
        </test-method> <!-- beforeTest -->
        <test-method is-config="true" signature="beforeClass()[pri:0, instance:Nahid.Automation.TestNgExample@79e4c792]" started-at="2023-06-13T12:20:41 BDT" name="beforeClass" finished-at="2023-06-13T12:20:41 BDT" duration-ms="1" status="PASS">
          <reporter-output>
          </reporter-output>
        </test-method> <!-- beforeClass -->
        <test-method is-config="true" signature="beforeMethod()[pri:0, instance:Nahid.Automation.TestNgExample@79e4c792]" started-at="2023-06-13T12:20:41 BDT" name="beforeMethod" finished-at="2023-06-13T12:20:41 BDT" duration-ms="0" status="PASS">
          <reporter-output>
          </reporter-output>
        </test-method> <!-- beforeMethod -->
        <test-method signature="firstTest()[pri:0, instance:Nahid.Automation.TestNgExample@79e4c792]" started-at="2023-06-13T12:20:41 BDT" name="firstTest" finished-at="2023-06-13T12:20:41 BDT" duration-ms="6" status="PASS">
          <reporter-output>
          </reporter-output>
        </test-method> <!-- firstTest -->
        <test-method is-config="true" signature="afterMethod()[pri:0, instance:Nahid.Automation.TestNgExample@79e4c792]" started-at="2023-06-13T12:20:41 BDT" name="afterMethod" finished-at="2023-06-13T12:20:41 BDT" duration-ms="1" status="PASS">
          <reporter-output>
          </reporter-output>
        </test-method> <!-- afterMethod -->
        <test-method signature="secondTest()[pri:1, instance:Nahid.Automation.TestNgExample@79e4c792]" started-at="2023-06-13T12:20:41 BDT" name="secondTest" finished-at="2023-06-13T12:20:41 BDT" duration-ms="2" status="PASS">
          <reporter-output>
          </reporter-output>
        </test-method> <!-- secondTest -->
        <test-method is-config="true" signature="beforeMethod()[pri:0, instance:Nahid.Automation.TestNgExample@79e4c792]" started-at="2023-06-13T12:20:41 BDT" name="beforeMethod" finished-at="2023-06-13T12:20:41 BDT" duration-ms="0" status="PASS">
          <reporter-output>
          </reporter-output>
        </test-method> <!-- beforeMethod -->
        <test-method is-config="true" signature="afterMethod()[pri:0, instance:Nahid.Automation.TestNgExample@79e4c792]" started-at="2023-06-13T12:20:41 BDT" name="afterMethod" finished-at="2023-06-13T12:20:41 BDT" duration-ms="0" status="PASS">
          <reporter-output>
          </reporter-output>
        </test-method> <!-- afterMethod -->
        <test-method is-config="true" signature="afterClass()[pri:0, instance:Nahid.Automation.TestNgExample@79e4c792]" started-at="2023-06-13T12:20:41 BDT" name="afterClass" finished-at="2023-06-13T12:20:41 BDT" duration-ms="1" status="PASS">
          <reporter-output>
          </reporter-output>
        </test-method> <!-- afterClass -->
        <test-method is-config="true" signature="afterTest()[pri:0, instance:Nahid.Automation.TestNgExample@79e4c792]" started-at="2023-06-13T12:20:41 BDT" name="afterTest" finished-at="2023-06-13T12:20:41 BDT" duration-ms="1" status="PASS">
          <reporter-output>
          </reporter-output>
        </test-method> <!-- afterTest -->
        <test-method is-config="true" signature="aftereSuiteTest()[pri:0, instance:Nahid.Automation.TestNgExample@79e4c792]" started-at="2023-06-13T12:20:41 BDT" name="aftereSuiteTest" finished-at="2023-06-13T12:20:41 BDT" duration-ms="0" status="PASS">
          <reporter-output>
          </reporter-output>
        </test-method> <!-- aftereSuiteTest -->
      </class> <!-- Nahid.Automation.TestNgExample -->
    </test> <!-- Default test -->
  </suite> <!-- Default suite -->
</testng-results>
