<?xml version="1.0" encoding="UTF-8"?>
<testng-results ignored="0" total="1" passed="1" failed="0" skipped="0">
  <reporter-output>
  </reporter-output>
  <suite started-at="2023-06-10T22:57:30 BDT" name="Default suite" finished-at="2023-06-10T22:57:44 BDT" duration-ms="13396">
    <groups>
    </groups>
    <test started-at="2023-06-10T22:57:30 BDT" name="Default test" finished-at="2023-06-10T22:57:44 BDT" duration-ms="13396">
      <class name="Nahid.Automation.FirstAutomation">
        <test-method is-config="true" signature="start()[pri:0, instance:Nahid.Automation.FirstAutomation@33065d67]" started-at="2023-06-10T22:55:07 BDT" name="start" finished-at="2023-06-10T22:57:30 BDT" duration-ms="143435" status="PASS">
          <reporter-output>
          </reporter-output>
        </test-method> <!-- start -->
        <test-method signature="firstTest()[pri:0, instance:Nahid.Automation.FirstAutomation@33065d67]" started-at="2023-06-10T22:57:31 BDT" name="firstTest" finished-at="2023-06-10T22:57:44 BDT" duration-ms="13218" status="PASS">
          <reporter-output>
          </reporter-output>
        </test-method> <!-- firstTest -->
        <test-method is-config="true" signature="close()[pri:0, instance:Nahid.Automation.FirstAutomation@33065d67]" started-at="2023-06-10T22:57:44 BDT" name="close" finished-at="2023-06-10T22:57:44 BDT" duration-ms="309" status="PASS">
          <reporter-output>
          </reporter-output>
        </test-method> <!-- close -->
      </class> <!-- Nahid.Automation.FirstAutomation -->
    </test> <!-- Default test -->
  </suite> <!-- Default suite -->
</testng-results>
